Traceback (most recent call last):
  File "<frozen runpy>", line 198, in _run_module_as_main
  File "<frozen runpy>", line 88, in _run_code
  File "/home/jeonjaemin/code/AI_schedule_manage/backend/venv/lib/python3.14/site-packages/uvicorn/__main__.py", line 4, in <module>
    uvicorn.main()
    ~~~~~~~~~~~~^^
  File "/home/jeonjaemin/code/AI_schedule_manage/backend/venv/lib/python3.14/site-packages/click/core.py", line 1524, in __call__
    return self.main(*args, **kwargs)
           ~~~~~~~~~^^^^^^^^^^^^^^^^^
  File "/home/jeonjaemin/code/AI_schedule_manage/backend/venv/lib/python3.14/site-packages/click/core.py", line 1445, in main
    rv = self.invoke(ctx)
  File "/home/jeonjaemin/code/AI_schedule_manage/backend/venv/lib/python3.14/site-packages/click/core.py", line 1308, in invoke
    return ctx.invoke(self.callback, **ctx.params)
           ~~~~~~~~~~^^^^^^^^^^^^^^^^^^^^^^^^^^^^^
  File "/home/jeonjaemin/code/AI_schedule_manage/backend/venv/lib/python3.14/site-packages/click/core.py", line 877, in invoke
    return callback(*args, **kwargs)
  File "/home/jeonjaemin/code/AI_schedule_manage/backend/venv/lib/python3.14/site-packages/uvicorn/main.py", line 410, in main
    run(
    ~~~^
        app,
        ^^^^
    ...<44 lines>...
        h11_max_incomplete_event_size=h11_max_incomplete_event_size,
        ^^^^^^^^^^^^^^^^^^^^^^^^^^^^^^^^^^^^^^^^^^^^^^^^^^^^^^^^^^^^
    )
    ^
  File "/home/jeonjaemin/code/AI_schedule_manage/backend/venv/lib/python3.14/site-packages/uvicorn/main.py", line 578, in run
    server.run()
    ~~~~~~~~~~^^
  File "/home/jeonjaemin/code/AI_schedule_manage/backend/venv/lib/python3.14/site-packages/uvicorn/server.py", line 61, in run
    return asyncio.run(self.serve(sockets=sockets))
           ~~~~~~~~~~~^^^^^^^^^^^^^^^^^^^^^^^^^^^^^
  File "/usr/lib/python3.14/asyncio/runners.py", line 204, in run
    return runner.run(main)
           ~~~~~~~~~~^^^^^^
  File "/usr/lib/python3.14/asyncio/runners.py", line 127, in run
    return self._loop.run_until_complete(task)
           ~~~~~~~~~~~~~~~~~~~~~~~~~~~~~^^^^^^
  File "/usr/lib/python3.14/asyncio/base_events.py", line 719, in run_until_complete
    return future.result()
           ~~~~~~~~~~~~~^^
  File "/home/jeonjaemin/code/AI_schedule_manage/backend/venv/lib/python3.14/site-packages/uvicorn/server.py", line 68, in serve
    config.load()
    ~~~~~~~~~~~^^
  File "/home/jeonjaemin/code/AI_schedule_manage/backend/venv/lib/python3.14/site-packages/uvicorn/config.py", line 473, in load
    self.loaded_app = import_from_string(self.app)
                      ~~~~~~~~~~~~~~~~~~^^^^^^^^^^
  File "/home/jeonjaemin/code/AI_schedule_manage/backend/venv/lib/python3.14/site-packages/uvicorn/importer.py", line 24, in import_from_string
    raise exc from None
  File "/home/jeonjaemin/code/AI_schedule_manage/backend/venv/lib/python3.14/site-packages/uvicorn/importer.py", line 21, in import_from_string
    module = importlib.import_module(module_str)
  File "/usr/lib/python3.14/importlib/__init__.py", line 88, in import_module
    return _bootstrap._gcd_import(name[level:], package, level)
           ~~~~~~~~~~~~~~~~~~~~~~^^^^^^^^^^^^^^^^^^^^^^^^^^^^^^
  File "<frozen importlib._bootstrap>", line 1406, in _gcd_import
  File "<frozen importlib._bootstrap>", line 1371, in _find_and_load
  File "<frozen importlib._bootstrap>", line 1342, in _find_and_load_unlocked
  File "<frozen importlib._bootstrap>", line 938, in _load_unlocked
  File "<frozen importlib._bootstrap_external>", line 759, in exec_module
  File "<frozen importlib._bootstrap>", line 491, in _call_with_frames_removed
  File "/home/jeonjaemin/code/AI_schedule_manage/backend/main.py", line 24, in <module>
    from .google_auth import router as google_router
  File "/home/jeonjaemin/code/AI_schedule_manage/backend/google_auth.py", line 7, in <module>
    from google_auth_oauthlib.flow import Flow
ModuleNotFoundError: No module named 'google_auth_oauthlib'
